2017-02-20 12:20:45,379 [Worker-7] INFO  o.e.m.c.i.l.LifecycleMappingFactory - Using org.eclipse.m2e.jdt.JarLifecycleMapping lifecycle mapping for MavenProject: daw.cookcinando:cookcinando:0.0.1-SNAPSHOT @ C:\Users\Maria\Desktop\DAW PRACTICA\cookcinando\backend\Cookcinando\pom.xml.
2017-02-20 12:20:48,832 [Worker-7] INFO  o.e.m.j.i.AbstractJavaProjectConfigurator - Adding source folder /cookcinando/src/main/java
2017-02-20 12:20:48,833 [Worker-7] INFO  o.e.m.j.i.AbstractJavaProjectConfigurator - Adding resource folder /cookcinando/src/main/resources
2017-02-20 12:20:48,841 [Worker-7] INFO  o.e.m.j.i.AbstractJavaProjectConfigurator - Adding resource folder /cookcinando/src/main/resources
2017-02-20 12:20:48,848 [Worker-7] INFO  o.e.m.j.i.AbstractJavaProjectConfigurator - Adding source folder /cookcinando/src/test/java
2017-02-20 12:20:49,034 [Worker-7] INFO  o.e.m.c.i.p.ProjectConfigurationManager - Imported and configured 1 project(s) in 10 sec
2017-02-20 12:20:57,205 [Worker-16] INFO  o.e.m.c.i.embedder.EclipseLogger - Using 'UTF-8' encoding to copy filtered resources.
2017-02-20 12:20:57,214 [Worker-16] INFO  o.e.m.c.i.embedder.EclipseLogger - Copying 1 resource
2017-02-20 12:20:57,234 [Worker-16] INFO  o.e.m.c.i.embedder.EclipseLogger - Copying 146 resources
2017-02-20 12:21:00,894 [Worker-16] INFO  o.e.m.c.i.embedder.EclipseLogger - Using 'UTF-8' encoding to copy filtered resources.
2017-02-20 12:21:00,894 [Worker-16] INFO  o.e.m.c.i.embedder.EclipseLogger - skip non existing resourceDirectory C:\Users\Maria\Desktop\DAW PRACTICA\cookcinando\backend\Cookcinando\src\test\resources
2017-02-20 12:21:50,133 [Worker-7] INFO  o.e.m.c.i.embedder.EclipseLogger - Using 'UTF-8' encoding to copy filtered resources.
2017-02-20 12:21:50,176 [Worker-7] INFO  o.e.m.c.i.embedder.EclipseLogger - Copying 1 resource
2017-02-20 12:21:50,196 [Worker-7] INFO  o.e.m.c.i.embedder.EclipseLogger - Copying 146 resources
2017-02-20 12:21:50,223 [Worker-7] INFO  o.e.m.c.i.embedder.EclipseLogger - Using 'UTF-8' encoding to copy filtered resources.
2017-02-20 12:21:50,224 [Worker-7] INFO  o.e.m.c.i.embedder.EclipseLogger - skip non existing resourceDirectory C:\Users\Maria\Desktop\DAW PRACTICA\cookcinando\backend\Cookcinando\src\test\resources
2017-03-03 11:12:09,898 [Worker-8] INFO  o.e.m.c.i.l.LifecycleMappingFactory - Using org.eclipse.m2e.jdt.JarLifecycleMapping lifecycle mapping for MavenProject: daw.cookcinando:cookcinando:0.0.1-SNAPSHOT @ C:\Users\Blanca\Documents\GitHub\cookcinando\backend\Cookcinando\pom.xml.
2017-03-03 11:12:14,626 [Worker-8] INFO  o.e.m.j.i.AbstractJavaProjectConfigurator - Adding source folder /cookcinando/src/main/java
2017-03-03 11:12:14,627 [Worker-8] INFO  o.e.m.j.i.AbstractJavaProjectConfigurator - Adding resource folder /cookcinando/src/main/resources
2017-03-03 11:12:14,640 [Worker-8] INFO  o.e.m.j.i.AbstractJavaProjectConfigurator - Adding resource folder /cookcinando/src/main/resources
2017-03-03 11:12:14,654 [Worker-8] INFO  o.e.m.j.i.AbstractJavaProjectConfigurator - Adding source folder /cookcinando/src/test/java
2017-03-03 11:12:18,100 [Worker-8] INFO  o.e.m.c.i.p.ProjectConfigurationManager - Imported and configured 1 project(s) in 14 sec
2017-03-03 11:12:22,404 [Worker-1] INFO  o.e.m.c.i.embedder.EclipseLogger - Using 'UTF-8' encoding to copy filtered resources.
2017-03-03 11:12:22,410 [Worker-1] INFO  o.e.m.c.i.embedder.EclipseLogger - Copying 1 resource
2017-03-03 11:12:22,454 [Worker-1] INFO  o.e.m.c.i.embedder.EclipseLogger - Copying 146 resources
2017-03-03 11:12:27,325 [Worker-1] INFO  o.e.m.c.i.embedder.EclipseLogger - Using 'UTF-8' encoding to copy filtered resources.
2017-03-03 11:12:27,325 [Worker-1] INFO  o.e.m.c.i.embedder.EclipseLogger - skip non existing resourceDirectory C:\Users\Blanca\Documents\GitHub\cookcinando\backend\Cookcinando\src\test\resources
2017-03-03 11:12:31,656 [Worker-6] INFO  o.e.m.c.i.embedder.EclipseLogger - Using 'UTF-8' encoding to copy filtered resources.
2017-03-03 11:12:31,659 [Worker-6] INFO  o.e.m.c.i.embedder.EclipseLogger - Copying 0 resource
2017-03-03 11:12:31,660 [Worker-6] INFO  o.e.m.c.i.embedder.EclipseLogger - Copying 0 resource
2017-03-03 11:12:31,663 [Worker-6] INFO  o.e.m.c.i.embedder.EclipseLogger - Using 'UTF-8' encoding to copy filtered resources.
2017-03-03 11:12:31,695 [Worker-6] INFO  o.e.m.c.i.embedder.EclipseLogger - skip non existing resourceDirectory C:\Users\Blanca\Documents\GitHub\cookcinando\backend\Cookcinando\src\test\resources
2017-03-03 11:15:13,562 [Worker-21] INFO  o.e.m.c.i.l.LifecycleMappingFactory - Using org.eclipse.m2e.jdt.JarLifecycleMapping lifecycle mapping for MavenProject: daw.cookcinando:cookcinando:0.0.1-SNAPSHOT @ C:\Users\Blanca\Documents\GitHub\cookcinando\backend\Cookcinando\pom.xml.
2017-03-03 11:15:16,253 [Worker-21] INFO  o.e.m.c.i.embedder.EclipseLogger - Using 'UTF-8' encoding to copy filtered resources.
2017-03-03 11:15:16,255 [Worker-21] INFO  o.e.m.c.i.embedder.EclipseLogger - Copying 0 resource
2017-03-03 11:15:16,255 [Worker-21] INFO  o.e.m.c.i.embedder.EclipseLogger - Copying 0 resource
2017-03-03 11:15:16,259 [Worker-21] INFO  o.e.m.c.i.embedder.EclipseLogger - Using 'UTF-8' encoding to copy filtered resources.
2017-03-03 11:15:16,260 [Worker-21] INFO  o.e.m.c.i.embedder.EclipseLogger - skip non existing resourceDirectory C:\Users\Blanca\Documents\GitHub\cookcinando\backend\Cookcinando\src\test\resources
2017-03-03 11:15:24,282 [Worker-22] INFO  o.e.m.c.i.embedder.EclipseLogger - Using 'UTF-8' encoding to copy filtered resources.
2017-03-03 11:15:24,319 [Worker-22] INFO  o.e.m.c.i.embedder.EclipseLogger - Copying 1 resource
2017-03-03 11:15:24,375 [Worker-22] INFO  o.e.m.c.i.embedder.EclipseLogger - Copying 146 resources
2017-03-03 11:15:24,986 [Worker-22] INFO  o.e.m.c.i.embedder.EclipseLogger - Using 'UTF-8' encoding to copy filtered resources.
2017-03-03 11:15:24,987 [Worker-22] INFO  o.e.m.c.i.embedder.EclipseLogger - skip non existing resourceDirectory C:\Users\Blanca\Documents\GitHub\cookcinando\backend\Cookcinando\src\test\resources
2017-03-03 11:15:29,467 [Worker-22] INFO  o.e.m.c.i.l.LifecycleMappingFactory - Using org.eclipse.m2e.jdt.JarLifecycleMapping lifecycle mapping for MavenProject: daw.cookcinando:cookcinando:0.0.1-SNAPSHOT @ C:\Users\Blanca\Documents\GitHub\cookcinando\backend\Cookcinando\pom.xml.
2017-03-03 11:15:30,645 [Worker-22] INFO  o.e.m.c.i.embedder.EclipseLogger - Using 'UTF-8' encoding to copy filtered resources.
2017-03-03 11:15:30,648 [Worker-22] INFO  o.e.m.c.i.embedder.EclipseLogger - Copying 0 resource
2017-03-03 11:15:30,649 [Worker-22] INFO  o.e.m.c.i.embedder.EclipseLogger - Copying 0 resource
2017-03-03 11:15:30,653 [Worker-22] INFO  o.e.m.c.i.embedder.EclipseLogger - Using 'UTF-8' encoding to copy filtered resources.
2017-03-03 11:15:30,654 [Worker-22] INFO  o.e.m.c.i.embedder.EclipseLogger - skip non existing resourceDirectory C:\Users\Blanca\Documents\GitHub\cookcinando\backend\Cookcinando\src\test\resources
2017-03-03 11:15:33,476 [Worker-22] INFO  o.e.m.c.i.embedder.EclipseLogger - Using 'UTF-8' encoding to copy filtered resources.
2017-03-03 11:15:33,513 [Worker-22] INFO  o.e.m.c.i.embedder.EclipseLogger - Copying 1 resource
2017-03-03 11:15:33,569 [Worker-22] INFO  o.e.m.c.i.embedder.EclipseLogger - Copying 146 resources
2017-03-03 11:15:34,490 [Worker-22] INFO  o.e.m.c.i.embedder.EclipseLogger - Using 'UTF-8' encoding to copy filtered resources.
2017-03-03 11:15:34,490 [Worker-22] INFO  o.e.m.c.i.embedder.EclipseLogger - skip non existing resourceDirectory C:\Users\Blanca\Documents\GitHub\cookcinando\backend\Cookcinando\src\test\resources
2017-03-03 11:15:49,328 [Worker-23] INFO  o.e.m.c.i.l.LifecycleMappingFactory - Using org.eclipse.m2e.jdt.JarLifecycleMapping lifecycle mapping for MavenProject: daw.cookcinando:cookcinando:0.0.1-SNAPSHOT @ C:\Users\Blanca\Documents\GitHub\cookcinando\backend\Cookcinando\pom.xml.
2017-03-03 11:15:50,212 [Worker-23] INFO  o.e.m.c.i.embedder.EclipseLogger - Using 'UTF-8' encoding to copy filtered resources.
2017-03-03 11:15:50,214 [Worker-23] INFO  o.e.m.c.i.embedder.EclipseLogger - Copying 0 resource
2017-03-03 11:15:50,215 [Worker-23] INFO  o.e.m.c.i.embedder.EclipseLogger - Copying 0 resource
2017-03-03 11:15:50,220 [Worker-23] INFO  o.e.m.c.i.embedder.EclipseLogger - Using 'UTF-8' encoding to copy filtered resources.
2017-03-03 11:15:50,220 [Worker-23] INFO  o.e.m.c.i.embedder.EclipseLogger - skip non existing resourceDirectory C:\Users\Blanca\Documents\GitHub\cookcinando\backend\Cookcinando\src\test\resources
2017-03-03 11:15:52,811 [Worker-22] INFO  o.e.m.c.i.embedder.EclipseLogger - Using 'UTF-8' encoding to copy filtered resources.
2017-03-03 11:15:52,843 [Worker-22] INFO  o.e.m.c.i.embedder.EclipseLogger - Copying 1 resource
2017-03-03 11:15:52,893 [Worker-22] INFO  o.e.m.c.i.embedder.EclipseLogger - Copying 146 resources
2017-03-03 11:15:53,880 [Worker-22] INFO  o.e.m.c.i.embedder.EclipseLogger - Using 'UTF-8' encoding to copy filtered resources.
2017-03-03 11:15:53,880 [Worker-22] INFO  o.e.m.c.i.embedder.EclipseLogger - skip non existing resourceDirectory C:\Users\Blanca\Documents\GitHub\cookcinando\backend\Cookcinando\src\test\resources
2017-03-03 11:16:12,261 [Worker-22] INFO  o.e.m.c.i.l.LifecycleMappingFactory - Using org.eclipse.m2e.jdt.JarLifecycleMapping lifecycle mapping for MavenProject: daw.cookcinando:cookcinando:0.0.1-SNAPSHOT @ C:\Users\Blanca\Documents\GitHub\cookcinando\backend\Cookcinando\pom.xml.
2017-03-03 11:16:12,954 [Worker-22] INFO  o.e.m.c.i.embedder.EclipseLogger - Using 'UTF-8' encoding to copy filtered resources.
2017-03-03 11:16:12,957 [Worker-22] INFO  o.e.m.c.i.embedder.EclipseLogger - Copying 0 resource
2017-03-03 11:16:12,958 [Worker-22] INFO  o.e.m.c.i.embedder.EclipseLogger - Copying 0 resource
2017-03-03 11:16:12,962 [Worker-22] INFO  o.e.m.c.i.embedder.EclipseLogger - Using 'UTF-8' encoding to copy filtered resources.
2017-03-03 11:16:12,962 [Worker-22] INFO  o.e.m.c.i.embedder.EclipseLogger - skip non existing resourceDirectory C:\Users\Blanca\Documents\GitHub\cookcinando\backend\Cookcinando\src\test\resources
2017-03-03 11:17:10,530 [Worker-22] INFO  o.e.m.c.i.embedder.EclipseLogger - Using 'UTF-8' encoding to copy filtered resources.
2017-03-03 11:17:10,569 [Worker-22] INFO  o.e.m.c.i.embedder.EclipseLogger - Copying 1 resource
2017-03-03 11:17:10,618 [Worker-22] INFO  o.e.m.c.i.embedder.EclipseLogger - Copying 146 resources
2017-03-03 11:17:10,666 [Worker-22] INFO  o.e.m.c.i.embedder.EclipseLogger - Using 'UTF-8' encoding to copy filtered resources.
2017-03-03 11:17:10,667 [Worker-22] INFO  o.e.m.c.i.embedder.EclipseLogger - skip non existing resourceDirectory C:\Users\Blanca\Documents\GitHub\cookcinando\backend\Cookcinando\src\test\resources
2017-03-03 11:18:07,955 [Worker-21] INFO  o.e.m.c.i.embedder.EclipseLogger - Using 'UTF-8' encoding to copy filtered resources.
2017-03-03 11:18:07,983 [Worker-21] INFO  o.e.m.c.i.embedder.EclipseLogger - Copying 1 resource
2017-03-03 11:18:08,011 [Worker-21] INFO  o.e.m.c.i.embedder.EclipseLogger - Copying 146 resources
2017-03-03 11:18:08,044 [Worker-21] INFO  o.e.m.c.i.embedder.EclipseLogger - Using 'UTF-8' encoding to copy filtered resources.
2017-03-03 11:18:08,044 [Worker-21] INFO  o.e.m.c.i.embedder.EclipseLogger - skip non existing resourceDirectory C:\Users\Blanca\Documents\GitHub\cookcinando\backend\Cookcinando\src\test\resources
2017-03-03 11:18:22,607 [Worker-21] INFO  o.e.m.c.i.embedder.EclipseLogger - Using 'UTF-8' encoding to copy filtered resources.
2017-03-03 11:18:22,646 [Worker-21] INFO  o.e.m.c.i.embedder.EclipseLogger - Copying 1 resource
2017-03-03 11:18:22,695 [Worker-21] INFO  o.e.m.c.i.embedder.EclipseLogger - Copying 146 resources
2017-03-03 11:18:22,754 [Worker-21] INFO  o.e.m.c.i.embedder.EclipseLogger - Using 'UTF-8' encoding to copy filtered resources.
2017-03-03 11:18:22,754 [Worker-21] INFO  o.e.m.c.i.embedder.EclipseLogger - skip non existing resourceDirectory C:\Users\Blanca\Documents\GitHub\cookcinando\backend\Cookcinando\src\test\resources
2017-03-03 11:18:43,794 [Worker-11] INFO  o.e.m.c.i.embedder.EclipseLogger - Using 'UTF-8' encoding to copy filtered resources.
2017-03-03 11:18:43,827 [Worker-11] INFO  o.e.m.c.i.embedder.EclipseLogger - Copying 1 resource
2017-03-03 11:18:43,882 [Worker-11] INFO  o.e.m.c.i.embedder.EclipseLogger - Copying 146 resources
2017-03-03 11:18:43,928 [Worker-11] INFO  o.e.m.c.i.embedder.EclipseLogger - Using 'UTF-8' encoding to copy filtered resources.
2017-03-03 11:18:43,928 [Worker-11] INFO  o.e.m.c.i.embedder.EclipseLogger - skip non existing resourceDirectory C:\Users\Blanca\Documents\GitHub\cookcinando\backend\Cookcinando\src\test\resources
2017-03-03 11:21:34,425 [Worker-21] INFO  o.e.m.c.i.embedder.EclipseLogger - Using 'UTF-8' encoding to copy filtered resources.
2017-03-03 11:21:34,465 [Worker-21] INFO  o.e.m.c.i.embedder.EclipseLogger - Copying 1 resource
2017-03-03 11:21:34,532 [Worker-21] INFO  o.e.m.c.i.embedder.EclipseLogger - Copying 146 resources
2017-03-03 11:21:34,581 [Worker-21] INFO  o.e.m.c.i.embedder.EclipseLogger - Using 'UTF-8' encoding to copy filtered resources.
2017-03-03 11:21:34,581 [Worker-21] INFO  o.e.m.c.i.embedder.EclipseLogger - skip non existing resourceDirectory C:\Users\Blanca\Documents\GitHub\cookcinando\backend\Cookcinando\src\test\resources
2017-03-03 11:21:39,001 [Worker-28] INFO  o.e.m.c.i.embedder.EclipseLogger - Using 'UTF-8' encoding to copy filtered resources.
2017-03-03 11:21:39,032 [Worker-28] INFO  o.e.m.c.i.embedder.EclipseLogger - Copying 1 resource
2017-03-03 11:21:39,066 [Worker-28] INFO  o.e.m.c.i.embedder.EclipseLogger - Copying 146 resources
2017-03-03 11:21:39,108 [Worker-28] INFO  o.e.m.c.i.embedder.EclipseLogger - Using 'UTF-8' encoding to copy filtered resources.
2017-03-03 11:21:39,108 [Worker-28] INFO  o.e.m.c.i.embedder.EclipseLogger - skip non existing resourceDirectory C:\Users\Blanca\Documents\GitHub\cookcinando\backend\Cookcinando\src\test\resources
2017-03-03 11:21:54,820 [Worker-26] INFO  o.e.m.c.i.embedder.EclipseLogger - Using 'UTF-8' encoding to copy filtered resources.
2017-03-03 11:21:54,851 [Worker-26] INFO  o.e.m.c.i.embedder.EclipseLogger - Copying 1 resource
2017-03-03 11:21:54,896 [Worker-26] INFO  o.e.m.c.i.embedder.EclipseLogger - Copying 146 resources
2017-03-03 11:21:54,954 [Worker-26] INFO  o.e.m.c.i.embedder.EclipseLogger - Using 'UTF-8' encoding to copy filtered resources.
2017-03-03 11:21:54,954 [Worker-26] INFO  o.e.m.c.i.embedder.EclipseLogger - skip non existing resourceDirectory C:\Users\Blanca\Documents\GitHub\cookcinando\backend\Cookcinando\src\test\resources
2017-03-03 11:22:23,174 [Worker-12] INFO  o.e.m.c.i.embedder.EclipseLogger - Using 'UTF-8' encoding to copy filtered resources.
2017-03-03 11:22:23,205 [Worker-12] INFO  o.e.m.c.i.embedder.EclipseLogger - Copying 1 resource
2017-03-03 11:22:23,258 [Worker-12] INFO  o.e.m.c.i.embedder.EclipseLogger - Copying 146 resources
2017-03-03 11:22:23,305 [Worker-12] INFO  o.e.m.c.i.embedder.EclipseLogger - Using 'UTF-8' encoding to copy filtered resources.
2017-03-03 11:22:23,306 [Worker-12] INFO  o.e.m.c.i.embedder.EclipseLogger - skip non existing resourceDirectory C:\Users\Blanca\Documents\GitHub\cookcinando\backend\Cookcinando\src\test\resources
2017-03-03 12:10:24,612 [Worker-22] INFO  o.e.m.c.i.embedder.EclipseLogger - Using 'UTF-8' encoding to copy filtered resources.
2017-03-03 12:10:24,658 [Worker-22] INFO  o.e.m.c.i.embedder.EclipseLogger - Copying 1 resource
2017-03-03 12:10:24,674 [Worker-22] INFO  o.e.m.c.i.embedder.EclipseLogger - Copying 146 resources
2017-03-03 12:10:24,846 [Worker-22] INFO  o.e.m.c.i.embedder.EclipseLogger - Using 'UTF-8' encoding to copy filtered resources.
2017-03-03 12:10:24,846 [Worker-22] INFO  o.e.m.c.i.embedder.EclipseLogger - skip non existing resourceDirectory C:\Users\Blanca\Documents\GitHub\cookcinando\backend\Cookcinando\src\test\resources
2017-03-03 12:10:34,271 [Worker-23] INFO  o.e.m.c.i.embedder.EclipseLogger - Using 'UTF-8' encoding to copy filtered resources.
2017-03-03 12:10:34,349 [Worker-23] INFO  o.e.m.c.i.embedder.EclipseLogger - Copying 1 resource
2017-03-03 12:10:34,381 [Worker-23] INFO  o.e.m.c.i.embedder.EclipseLogger - Copying 146 resources
2017-03-03 12:10:34,427 [Worker-23] INFO  o.e.m.c.i.embedder.EclipseLogger - Using 'UTF-8' encoding to copy filtered resources.
2017-03-03 12:10:34,427 [Worker-23] INFO  o.e.m.c.i.embedder.EclipseLogger - skip non existing resourceDirectory C:\Users\Blanca\Documents\GitHub\cookcinando\backend\Cookcinando\src\test\resources
2017-03-03 12:12:42,041 [Worker-22] INFO  o.e.m.c.i.l.LifecycleMappingFactory - Using org.eclipse.m2e.jdt.JarLifecycleMapping lifecycle mapping for MavenProject: daw.cookcinando:cookcinando:0.0.1-SNAPSHOT @ C:\Users\Blanca\Documents\GitHub\cookcinando\backend\Cookcinando\pom.xml.
2017-03-03 12:12:43,713 [Worker-22] INFO  o.e.m.c.i.e.AbstractTransferListenerAdapter - Downloading https://repo.maven.apache.org/maven2/org/springframework/boot/spring-boot-starter-test/1.3.3.RELEASE/spring-boot-starter-test-1.3.3.RELEASE.pom
2017-03-03 12:12:43,776 [Worker-22] INFO  o.e.m.c.i.e.AbstractTransferListenerAdapter - Downloaded https://repo.maven.apache.org/maven2/org/springframework/boot/spring-boot-starter-test/1.3.3.RELEASE/spring-boot-starter-test-1.3.3.RELEASE.pom
2017-03-03 12:12:44,010 [Worker-22] INFO  o.e.m.c.i.e.AbstractTransferListenerAdapter - Downloading https://repo.maven.apache.org/maven2/org/springframework/spring-test/4.2.5.RELEASE/spring-test-4.2.5.RELEASE.pom
2017-03-03 12:12:44,041 [Worker-22] INFO  o.e.m.c.i.e.AbstractTransferListenerAdapter - Downloaded https://repo.maven.apache.org/maven2/org/springframework/spring-test/4.2.5.RELEASE/spring-test-4.2.5.RELEASE.pom
2017-03-03 12:12:44,151 [Worker-22] INFO  o.e.m.c.i.e.AbstractTransferListenerAdapter - Downloading https://repo.maven.apache.org/maven2/org/springframework/boot/spring-boot-starter-test/1.3.3.RELEASE/spring-boot-starter-test-1.3.3.RELEASE.jar
2017-03-03 12:12:44,166 [Worker-22] INFO  o.e.m.c.i.e.AbstractTransferListenerAdapter - Downloaded https://repo.maven.apache.org/maven2/org/springframework/boot/spring-boot-starter-test/1.3.3.RELEASE/spring-boot-starter-test-1.3.3.RELEASE.jar
2017-03-03 12:12:44,182 [Worker-22] INFO  o.e.m.c.i.e.AbstractTransferListenerAdapter - Downloading https://repo.maven.apache.org/maven2/org/springframework/spring-test/4.2.5.RELEASE/spring-test-4.2.5.RELEASE.jar
2017-03-03 12:12:44,477 [Worker-22] INFO  o.e.m.c.i.e.AbstractTransferListenerAdapter - Downloaded https://repo.maven.apache.org/maven2/org/springframework/spring-test/4.2.5.RELEASE/spring-test-4.2.5.RELEASE.jar
2017-03-03 12:12:47,493 [Worker-22] INFO  o.e.m.c.i.embedder.EclipseLogger - Using 'UTF-8' encoding to copy filtered resources.
2017-03-03 12:12:47,493 [Worker-22] INFO  o.e.m.c.i.embedder.EclipseLogger - Copying 0 resource
2017-03-03 12:12:47,493 [Worker-22] INFO  o.e.m.c.i.embedder.EclipseLogger - Copying 0 resource
2017-03-03 12:12:47,493 [Worker-22] INFO  o.e.m.c.i.embedder.EclipseLogger - Using 'UTF-8' encoding to copy filtered resources.
2017-03-03 12:12:47,493 [Worker-22] INFO  o.e.m.c.i.embedder.EclipseLogger - skip non existing resourceDirectory C:\Users\Blanca\Documents\GitHub\cookcinando\backend\Cookcinando\src\test\resources
2017-03-03 12:12:51,950 [Worker-22] INFO  o.e.m.c.i.embedder.EclipseLogger - Using 'UTF-8' encoding to copy filtered resources.
2017-03-03 12:12:51,997 [Worker-22] INFO  o.e.m.c.i.embedder.EclipseLogger - Copying 1 resource
2017-03-03 12:12:52,028 [Worker-22] INFO  o.e.m.c.i.embedder.EclipseLogger - Copying 146 resources
2017-03-03 12:12:57,841 [Worker-22] INFO  o.e.m.c.i.embedder.EclipseLogger - Using 'UTF-8' encoding to copy filtered resources.
2017-03-03 12:12:57,841 [Worker-22] INFO  o.e.m.c.i.embedder.EclipseLogger - skip non existing resourceDirectory C:\Users\Blanca\Documents\GitHub\cookcinando\backend\Cookcinando\src\test\resources
2017-03-03 12:13:14,882 [Worker-21] INFO  o.e.m.c.i.p.ProjectConfigurationManager - Update started
2017-03-03 12:13:15,741 [Worker-21] INFO  o.e.m.c.i.l.LifecycleMappingFactory - Using org.eclipse.m2e.jdt.JarLifecycleMapping lifecycle mapping for MavenProject: daw.cookcinando:cookcinando:0.0.1-SNAPSHOT @ C:\Users\Blanca\Documents\GitHub\cookcinando\backend\Cookcinando\pom.xml.
2017-03-03 12:13:16,695 [Worker-21] INFO  o.e.m.j.i.AbstractJavaProjectConfigurator - Adding source folder /cookcinando/src/main/java
2017-03-03 12:13:16,695 [Worker-21] INFO  o.e.m.j.i.AbstractJavaProjectConfigurator - Adding resource folder /cookcinando/src/main/resources
2017-03-03 12:13:16,695 [Worker-21] INFO  o.e.m.j.i.AbstractJavaProjectConfigurator - Adding resource folder /cookcinando/src/main/resources
2017-03-03 12:13:16,695 [Worker-21] INFO  o.e.m.j.i.AbstractJavaProjectConfigurator - Adding source folder /cookcinando/src/test/java
2017-03-03 12:13:17,179 [Worker-21] INFO  o.e.m.c.i.p.ProjectConfigurationManager - Update completed: 2 sec
2017-03-03 12:13:19,273 [Worker-6] INFO  o.e.m.c.i.embedder.EclipseLogger - Using 'UTF-8' encoding to copy filtered resources.
2017-03-03 12:13:19,273 [Worker-6] INFO  o.e.m.c.i.embedder.EclipseLogger - Copying 1 resource
2017-03-03 12:13:19,289 [Worker-6] INFO  o.e.m.c.i.embedder.EclipseLogger - Copying 146 resources
2017-03-03 12:13:20,226 [Worker-6] INFO  o.e.m.c.i.embedder.EclipseLogger - Using 'UTF-8' encoding to copy filtered resources.
2017-03-03 12:13:20,226 [Worker-6] INFO  o.e.m.c.i.embedder.EclipseLogger - skip non existing resourceDirectory C:\Users\Blanca\Documents\GitHub\cookcinando\backend\Cookcinando\src\test\resources
2017-03-03 12:13:42,278 [Worker-25] INFO  o.e.m.c.i.l.LifecycleMappingFactory - Using org.eclipse.m2e.jdt.JarLifecycleMapping lifecycle mapping for MavenProject: daw.cookcinando:cookcinando:0.0.1-SNAPSHOT @ C:\Users\Blanca\Documents\GitHub\cookcinando\backend\Cookcinando\pom.xml.
2017-03-03 12:13:42,872 [Worker-25] INFO  o.e.m.c.i.embedder.EclipseLogger - Using 'UTF-8' encoding to copy filtered resources.
2017-03-03 12:13:42,872 [Worker-25] INFO  o.e.m.c.i.embedder.EclipseLogger - Copying 0 resource
2017-03-03 12:13:42,872 [Worker-25] INFO  o.e.m.c.i.embedder.EclipseLogger - Copying 0 resource
2017-03-03 12:13:42,872 [Worker-25] INFO  o.e.m.c.i.embedder.EclipseLogger - Using 'UTF-8' encoding to copy filtered resources.
2017-03-03 12:13:42,872 [Worker-25] INFO  o.e.m.c.i.embedder.EclipseLogger - skip non existing resourceDirectory C:\Users\Blanca\Documents\GitHub\cookcinando\backend\Cookcinando\src\test\resources
2017-03-03 12:13:47,982 [Worker-24] INFO  o.e.m.c.i.embedder.EclipseLogger - Using 'UTF-8' encoding to copy filtered resources.
2017-03-03 12:13:48,029 [Worker-24] INFO  o.e.m.c.i.embedder.EclipseLogger - Copying 1 resource
2017-03-03 12:13:48,076 [Worker-24] INFO  o.e.m.c.i.embedder.EclipseLogger - Copying 146 resources
2017-03-03 12:13:48,716 [Worker-24] INFO  o.e.m.c.i.embedder.EclipseLogger - Using 'UTF-8' encoding to copy filtered resources.
2017-03-03 12:13:48,716 [Worker-24] INFO  o.e.m.c.i.embedder.EclipseLogger - skip non existing resourceDirectory C:\Users\Blanca\Documents\GitHub\cookcinando\backend\Cookcinando\src\test\resources
2017-03-03 12:14:02,302 [Worker-26] INFO  o.e.m.c.i.embedder.EclipseLogger - Using 'UTF-8' encoding to copy filtered resources.
2017-03-03 12:14:02,318 [Worker-26] INFO  o.e.m.c.i.embedder.EclipseLogger - Copying 1 resource
2017-03-03 12:14:02,349 [Worker-26] INFO  o.e.m.c.i.embedder.EclipseLogger - Copying 146 resources
2017-03-03 12:14:02,943 [Worker-26] INFO  o.e.m.c.i.embedder.EclipseLogger - Using 'UTF-8' encoding to copy filtered resources.
2017-03-03 12:14:02,943 [Worker-26] INFO  o.e.m.c.i.embedder.EclipseLogger - skip non existing resourceDirectory C:\Users\Blanca\Documents\GitHub\cookcinando\backend\Cookcinando\src\test\resources
2017-03-03 12:14:11,433 [Worker-23] INFO  o.e.m.c.i.p.ProjectConfigurationManager - Update started
2017-03-03 12:14:12,230 [Worker-23] INFO  o.e.m.c.i.l.LifecycleMappingFactory - Using org.eclipse.m2e.jdt.JarLifecycleMapping lifecycle mapping for MavenProject: daw.cookcinando:cookcinando:0.0.1-SNAPSHOT @ C:\Users\Blanca\Documents\GitHub\cookcinando\backend\Cookcinando\pom.xml.
2017-03-03 12:14:12,793 [Worker-23] INFO  o.e.m.j.i.AbstractJavaProjectConfigurator - Adding source folder /cookcinando/src/main/java
2017-03-03 12:14:12,793 [Worker-23] INFO  o.e.m.j.i.AbstractJavaProjectConfigurator - Adding resource folder /cookcinando/src/main/resources
2017-03-03 12:14:12,793 [Worker-23] INFO  o.e.m.j.i.AbstractJavaProjectConfigurator - Adding resource folder /cookcinando/src/main/resources
2017-03-03 12:14:12,793 [Worker-23] INFO  o.e.m.j.i.AbstractJavaProjectConfigurator - Adding source folder /cookcinando/src/test/java
2017-03-03 12:14:13,261 [Worker-23] INFO  o.e.m.c.i.p.ProjectConfigurationManager - Update completed: 1 sec
2017-03-03 12:14:15,574 [Worker-23] INFO  o.e.m.c.i.embedder.EclipseLogger - Using 'UTF-8' encoding to copy filtered resources.
2017-03-03 12:14:15,574 [Worker-23] INFO  o.e.m.c.i.embedder.EclipseLogger - Copying 1 resource
2017-03-03 12:14:15,590 [Worker-23] INFO  o.e.m.c.i.embedder.EclipseLogger - Copying 146 resources
2017-03-03 12:14:16,293 [Worker-23] INFO  o.e.m.c.i.embedder.EclipseLogger - Using 'UTF-8' encoding to copy filtered resources.
2017-03-03 12:14:16,293 [Worker-23] INFO  o.e.m.c.i.embedder.EclipseLogger - skip non existing resourceDirectory C:\Users\Blanca\Documents\GitHub\cookcinando\backend\Cookcinando\src\test\resources
2017-03-03 12:21:58,285 [Worker-30] INFO  o.e.m.c.i.embedder.EclipseLogger - Using 'UTF-8' encoding to copy filtered resources.
2017-03-03 12:21:58,332 [Worker-30] INFO  o.e.m.c.i.embedder.EclipseLogger - Copying 1 resource
2017-03-03 12:21:58,363 [Worker-30] INFO  o.e.m.c.i.embedder.EclipseLogger - Copying 146 resources
2017-03-03 12:21:58,426 [Worker-30] INFO  o.e.m.c.i.embedder.EclipseLogger - Using 'UTF-8' encoding to copy filtered resources.
2017-03-03 12:21:58,426 [Worker-30] INFO  o.e.m.c.i.embedder.EclipseLogger - skip non existing resourceDirectory C:\Users\Blanca\Documents\GitHub\cookcinando\backend\Cookcinando\src\test\resources
2017-03-03 12:25:22,503 [Worker-30] INFO  o.e.m.c.i.l.LifecycleMappingFactory - Using org.eclipse.m2e.jdt.JarLifecycleMapping lifecycle mapping for MavenProject: daw.cookcinando:cookcinando:0.0.1-SNAPSHOT @ C:\Users\Blanca\Documents\GitHub\cookcinando\backend\Cookcinando\pom.xml.
2017-03-03 12:25:23,097 [Worker-30] INFO  o.e.m.c.i.embedder.EclipseLogger - Using 'UTF-8' encoding to copy filtered resources.
2017-03-03 12:25:23,097 [Worker-30] INFO  o.e.m.c.i.embedder.EclipseLogger - Copying 0 resource
2017-03-03 12:25:23,097 [Worker-30] INFO  o.e.m.c.i.embedder.EclipseLogger - Copying 0 resource
2017-03-03 12:25:23,097 [Worker-30] INFO  o.e.m.c.i.embedder.EclipseLogger - Using 'UTF-8' encoding to copy filtered resources.
2017-03-03 12:25:23,097 [Worker-30] INFO  o.e.m.c.i.embedder.EclipseLogger - skip non existing resourceDirectory C:\Users\Blanca\Documents\GitHub\cookcinando\backend\Cookcinando\src\test\resources
2017-03-03 12:25:28,691 [Worker-29] INFO  o.e.m.c.i.embedder.EclipseLogger - Using 'UTF-8' encoding to copy filtered resources.
2017-03-03 12:25:28,722 [Worker-29] INFO  o.e.m.c.i.embedder.EclipseLogger - Copying 1 resource
2017-03-03 12:25:28,754 [Worker-29] INFO  o.e.m.c.i.embedder.EclipseLogger - Copying 146 resources
2017-03-03 12:25:29,707 [Worker-29] INFO  o.e.m.c.i.embedder.EclipseLogger - Using 'UTF-8' encoding to copy filtered resources.
2017-03-03 12:25:29,707 [Worker-29] INFO  o.e.m.c.i.embedder.EclipseLogger - skip non existing resourceDirectory C:\Users\Blanca\Documents\GitHub\cookcinando\backend\Cookcinando\src\test\resources
2017-03-03 12:26:19,102 [Worker-35] INFO  o.e.m.c.i.p.ProjectConfigurationManager - Update started
2017-03-03 12:26:19,852 [Worker-35] INFO  o.e.m.c.i.l.LifecycleMappingFactory - Using org.eclipse.m2e.jdt.JarLifecycleMapping lifecycle mapping for MavenProject: daw.cookcinando:cookcinando:0.0.1-SNAPSHOT @ C:\Users\Blanca\Documents\GitHub\cookcinando\backend\Cookcinando\pom.xml.
2017-03-03 12:26:20,383 [Worker-35] INFO  o.e.m.j.i.AbstractJavaProjectConfigurator - Adding source folder /cookcinando/src/main/java
2017-03-03 12:26:20,383 [Worker-35] INFO  o.e.m.j.i.AbstractJavaProjectConfigurator - Adding resource folder /cookcinando/src/main/resources
2017-03-03 12:26:20,383 [Worker-35] INFO  o.e.m.j.i.AbstractJavaProjectConfigurator - Adding resource folder /cookcinando/src/main/resources
2017-03-03 12:26:20,383 [Worker-35] INFO  o.e.m.j.i.AbstractJavaProjectConfigurator - Adding source folder /cookcinando/src/test/java
2017-03-03 12:26:20,758 [Worker-35] INFO  o.e.m.c.i.p.ProjectConfigurationManager - Update completed: 1 sec
2017-03-03 12:26:22,430 [Worker-35] INFO  o.e.m.c.i.embedder.EclipseLogger - Using 'UTF-8' encoding to copy filtered resources.
2017-03-03 12:26:22,430 [Worker-35] INFO  o.e.m.c.i.embedder.EclipseLogger - Copying 1 resource
2017-03-03 12:26:22,446 [Worker-35] INFO  o.e.m.c.i.embedder.EclipseLogger - Copying 146 resources
2017-03-03 12:26:23,180 [Worker-35] INFO  o.e.m.c.i.embedder.EclipseLogger - Using 'UTF-8' encoding to copy filtered resources.
2017-03-03 12:26:23,180 [Worker-35] INFO  o.e.m.c.i.embedder.EclipseLogger - skip non existing resourceDirectory C:\Users\Blanca\Documents\GitHub\cookcinando\backend\Cookcinando\src\test\resources
2017-03-03 12:28:15,730 [Worker-34] INFO  o.e.m.c.i.embedder.EclipseLogger - Using 'UTF-8' encoding to copy filtered resources.
2017-03-03 12:28:15,762 [Worker-34] INFO  o.e.m.c.i.embedder.EclipseLogger - Copying 1 resource
2017-03-03 12:28:15,777 [Worker-34] INFO  o.e.m.c.i.embedder.EclipseLogger - Copying 146 resources
2017-03-03 12:28:15,824 [Worker-34] INFO  o.e.m.c.i.embedder.EclipseLogger - Using 'UTF-8' encoding to copy filtered resources.
2017-03-03 12:28:15,824 [Worker-34] INFO  o.e.m.c.i.embedder.EclipseLogger - skip non existing resourceDirectory C:\Users\Blanca\Documents\GitHub\cookcinando\backend\Cookcinando\src\test\resources
2017-03-03 12:28:24,501 [Worker-38] INFO  o.e.m.c.i.embedder.EclipseLogger - Using 'UTF-8' encoding to copy filtered resources.
2017-03-03 12:28:24,533 [Worker-38] INFO  o.e.m.c.i.embedder.EclipseLogger - Copying 1 resource
2017-03-03 12:28:24,564 [Worker-38] INFO  o.e.m.c.i.embedder.EclipseLogger - Copying 146 resources
2017-03-03 12:28:24,595 [Worker-38] INFO  o.e.m.c.i.embedder.EclipseLogger - Using 'UTF-8' encoding to copy filtered resources.
2017-03-03 12:28:24,595 [Worker-38] INFO  o.e.m.c.i.embedder.EclipseLogger - skip non existing resourceDirectory C:\Users\Blanca\Documents\GitHub\cookcinando\backend\Cookcinando\src\test\resources
2017-03-03 12:31:28,976 [Worker-29] INFO  o.e.m.c.i.embedder.EclipseLogger - Using 'UTF-8' encoding to copy filtered resources.
2017-03-03 12:31:29,038 [Worker-29] INFO  o.e.m.c.i.embedder.EclipseLogger - Copying 1 resource
2017-03-03 12:31:29,070 [Worker-29] INFO  o.e.m.c.i.embedder.EclipseLogger - Copying 146 resources
2017-03-03 12:31:29,132 [Worker-29] INFO  o.e.m.c.i.embedder.EclipseLogger - Using 'UTF-8' encoding to copy filtered resources.
2017-03-03 12:31:29,132 [Worker-29] INFO  o.e.m.c.i.embedder.EclipseLogger - skip non existing resourceDirectory C:\Users\Blanca\Documents\GitHub\cookcinando\backend\Cookcinando\src\test\resources
2017-03-03 12:33:15,629 [Worker-33] INFO  o.e.m.c.i.embedder.EclipseLogger - Using 'UTF-8' encoding to copy filtered resources.
2017-03-03 12:33:15,660 [Worker-33] INFO  o.e.m.c.i.embedder.EclipseLogger - Copying 1 resource
2017-03-03 12:33:15,675 [Worker-33] INFO  o.e.m.c.i.embedder.EclipseLogger - Copying 146 resources
2017-03-03 12:33:15,738 [Worker-33] INFO  o.e.m.c.i.embedder.EclipseLogger - Using 'UTF-8' encoding to copy filtered resources.
2017-03-03 12:33:15,738 [Worker-33] INFO  o.e.m.c.i.embedder.EclipseLogger - skip non existing resourceDirectory C:\Users\Blanca\Documents\GitHub\cookcinando\backend\Cookcinando\src\test\resources
2017-03-03 12:37:13,845 [Worker-40] INFO  o.e.m.c.i.embedder.EclipseLogger - Using 'UTF-8' encoding to copy filtered resources.
2017-03-03 12:37:13,877 [Worker-40] INFO  o.e.m.c.i.embedder.EclipseLogger - Copying 1 resource
2017-03-03 12:37:13,908 [Worker-40] INFO  o.e.m.c.i.embedder.EclipseLogger - Copying 146 resources
2017-03-03 12:37:13,970 [Worker-40] INFO  o.e.m.c.i.embedder.EclipseLogger - Using 'UTF-8' encoding to copy filtered resources.
2017-03-03 12:37:13,970 [Worker-40] INFO  o.e.m.c.i.embedder.EclipseLogger - skip non existing resourceDirectory C:\Users\Blanca\Documents\GitHub\cookcinando\backend\Cookcinando\src\test\resources
2017-03-03 12:38:03,022 [Worker-40] INFO  o.e.m.c.i.embedder.EclipseLogger - Using 'UTF-8' encoding to copy filtered resources.
2017-03-03 12:38:03,054 [Worker-40] INFO  o.e.m.c.i.embedder.EclipseLogger - Copying 1 resource
2017-03-03 12:38:03,085 [Worker-40] INFO  o.e.m.c.i.embedder.EclipseLogger - Copying 146 resources
2017-03-03 12:38:03,147 [Worker-40] INFO  o.e.m.c.i.embedder.EclipseLogger - Using 'UTF-8' encoding to copy filtered resources.
2017-03-03 12:38:03,147 [Worker-40] INFO  o.e.m.c.i.embedder.EclipseLogger - skip non existing resourceDirectory C:\Users\Blanca\Documents\GitHub\cookcinando\backend\Cookcinando\src\test\resources
2017-03-03 12:39:25,603 [Worker-39] INFO  o.e.m.c.i.embedder.EclipseLogger - Using 'UTF-8' encoding to copy filtered resources.
2017-03-03 12:39:25,649 [Worker-39] INFO  o.e.m.c.i.embedder.EclipseLogger - Copying 1 resource
2017-03-03 12:39:25,665 [Worker-39] INFO  o.e.m.c.i.embedder.EclipseLogger - Copying 146 resources
2017-03-03 12:39:25,712 [Worker-39] INFO  o.e.m.c.i.embedder.EclipseLogger - Using 'UTF-8' encoding to copy filtered resources.
2017-03-03 12:39:25,712 [Worker-39] INFO  o.e.m.c.i.embedder.EclipseLogger - skip non existing resourceDirectory C:\Users\Blanca\Documents\GitHub\cookcinando\backend\Cookcinando\src\test\resources
2017-03-03 12:39:51,455 [Worker-45] INFO  o.e.m.c.i.embedder.EclipseLogger - Using 'UTF-8' encoding to copy filtered resources.
2017-03-03 12:39:51,486 [Worker-45] INFO  o.e.m.c.i.embedder.EclipseLogger - Copying 1 resource
2017-03-03 12:39:51,501 [Worker-45] INFO  o.e.m.c.i.embedder.EclipseLogger - Copying 146 resources
2017-03-03 12:39:51,548 [Worker-45] INFO  o.e.m.c.i.embedder.EclipseLogger - Using 'UTF-8' encoding to copy filtered resources.
2017-03-03 12:39:51,548 [Worker-45] INFO  o.e.m.c.i.embedder.EclipseLogger - skip non existing resourceDirectory C:\Users\Blanca\Documents\GitHub\cookcinando\backend\Cookcinando\src\test\resources
2017-03-03 12:39:59,857 [Worker-48] INFO  o.e.m.c.i.embedder.EclipseLogger - Using 'UTF-8' encoding to copy filtered resources.
2017-03-03 12:39:59,935 [Worker-48] INFO  o.e.m.c.i.embedder.EclipseLogger - Copying 1 resource
2017-03-03 12:39:59,967 [Worker-48] INFO  o.e.m.c.i.embedder.EclipseLogger - Copying 146 resources
2017-03-03 12:40:00,013 [Worker-48] INFO  o.e.m.c.i.embedder.EclipseLogger - Using 'UTF-8' encoding to copy filtered resources.
2017-03-03 12:40:00,013 [Worker-48] INFO  o.e.m.c.i.embedder.EclipseLogger - skip non existing resourceDirectory C:\Users\Blanca\Documents\GitHub\cookcinando\backend\Cookcinando\src\test\resources
2017-03-03 12:44:06,878 [Worker-40] INFO  o.e.m.c.i.embedder.EclipseLogger - Using 'UTF-8' encoding to copy filtered resources.
2017-03-03 12:44:06,925 [Worker-40] INFO  o.e.m.c.i.embedder.EclipseLogger - Copying 1 resource
2017-03-03 12:44:06,956 [Worker-40] INFO  o.e.m.c.i.embedder.EclipseLogger - Copying 146 resources
2017-03-03 12:44:07,003 [Worker-40] INFO  o.e.m.c.i.embedder.EclipseLogger - Using 'UTF-8' encoding to copy filtered resources.
2017-03-03 12:44:07,003 [Worker-40] INFO  o.e.m.c.i.embedder.EclipseLogger - skip non existing resourceDirectory C:\Users\Blanca\Documents\GitHub\cookcinando\backend\Cookcinando\src\test\resources
2017-03-03 12:52:30,977 [Worker-55] INFO  o.e.m.c.i.embedder.EclipseLogger - Using 'UTF-8' encoding to copy filtered resources.
2017-03-03 12:52:31,024 [Worker-55] INFO  o.e.m.c.i.embedder.EclipseLogger - Copying 1 resource
2017-03-03 12:52:31,071 [Worker-55] INFO  o.e.m.c.i.embedder.EclipseLogger - Copying 146 resources
2017-03-03 12:52:31,117 [Worker-55] INFO  o.e.m.c.i.embedder.EclipseLogger - Using 'UTF-8' encoding to copy filtered resources.
2017-03-03 12:52:31,117 [Worker-55] INFO  o.e.m.c.i.embedder.EclipseLogger - skip non existing resourceDirectory C:\Users\Blanca\Documents\GitHub\cookcinando\backend\Cookcinando\src\test\resources
2017-03-03 12:53:23,731 [Worker-46] INFO  o.e.m.c.i.embedder.EclipseLogger - Using 'UTF-8' encoding to copy filtered resources.
2017-03-03 12:53:23,762 [Worker-46] INFO  o.e.m.c.i.embedder.EclipseLogger - Copying 0 resource
2017-03-03 12:53:23,762 [Worker-46] INFO  o.e.m.c.i.embedder.EclipseLogger - Copying 1 resource
2017-03-03 12:53:23,762 [Worker-46] INFO  o.e.m.c.i.embedder.EclipseLogger - Using 'UTF-8' encoding to copy filtered resources.
2017-03-03 12:53:23,762 [Worker-46] INFO  o.e.m.c.i.embedder.EclipseLogger - skip non existing resourceDirectory C:\Users\Blanca\Documents\GitHub\cookcinando\backend\Cookcinando\src\test\resources
2017-03-03 12:55:07,315 [Worker-52] INFO  o.e.m.c.i.embedder.EclipseLogger - Using 'UTF-8' encoding to copy filtered resources.
2017-03-03 12:55:07,315 [Worker-52] INFO  o.e.m.c.i.embedder.EclipseLogger - Copying 0 resource
2017-03-03 12:55:07,315 [Worker-52] INFO  o.e.m.c.i.embedder.EclipseLogger - Copying 1 resource
2017-03-03 12:55:07,315 [Worker-52] INFO  o.e.m.c.i.embedder.EclipseLogger - Using 'UTF-8' encoding to copy filtered resources.
2017-03-03 12:55:07,315 [Worker-52] INFO  o.e.m.c.i.embedder.EclipseLogger - skip non existing resourceDirectory C:\Users\Blanca\Documents\GitHub\cookcinando\backend\Cookcinando\src\test\resources
2017-03-03 12:56:04,682 [Worker-54] INFO  o.e.m.c.i.embedder.EclipseLogger - Using 'UTF-8' encoding to copy filtered resources.
2017-03-03 12:56:04,682 [Worker-54] INFO  o.e.m.c.i.embedder.EclipseLogger - Copying 0 resource
2017-03-03 12:56:04,682 [Worker-54] INFO  o.e.m.c.i.embedder.EclipseLogger - Copying 1 resource
2017-03-03 12:56:04,698 [Worker-54] INFO  o.e.m.c.i.embedder.EclipseLogger - Using 'UTF-8' encoding to copy filtered resources.
2017-03-03 12:56:04,698 [Worker-54] INFO  o.e.m.c.i.embedder.EclipseLogger - skip non existing resourceDirectory C:\Users\Blanca\Documents\GitHub\cookcinando\backend\Cookcinando\src\test\resources
2017-03-03 12:57:23,455 [Worker-55] INFO  o.e.m.c.i.embedder.EclipseLogger - Using 'UTF-8' encoding to copy filtered resources.
2017-03-03 12:57:23,455 [Worker-55] INFO  o.e.m.c.i.embedder.EclipseLogger - Copying 0 resource
2017-03-03 12:57:23,455 [Worker-55] INFO  o.e.m.c.i.embedder.EclipseLogger - Copying 1 resource
2017-03-03 12:57:23,455 [Worker-55] INFO  o.e.m.c.i.embedder.EclipseLogger - Using 'UTF-8' encoding to copy filtered resources.
2017-03-03 12:57:23,455 [Worker-55] INFO  o.e.m.c.i.embedder.EclipseLogger - skip non existing resourceDirectory C:\Users\Blanca\Documents\GitHub\cookcinando\backend\Cookcinando\src\test\resources
2017-03-03 12:58:38,207 [Worker-53] INFO  o.e.m.c.i.embedder.EclipseLogger - Using 'UTF-8' encoding to copy filtered resources.
2017-03-03 12:58:38,207 [Worker-53] INFO  o.e.m.c.i.embedder.EclipseLogger - Copying 0 resource
2017-03-03 12:58:38,207 [Worker-53] INFO  o.e.m.c.i.embedder.EclipseLogger - Copying 1 resource
2017-03-03 12:58:38,207 [Worker-53] INFO  o.e.m.c.i.embedder.EclipseLogger - Using 'UTF-8' encoding to copy filtered resources.
2017-03-03 12:58:38,207 [Worker-53] INFO  o.e.m.c.i.embedder.EclipseLogger - skip non existing resourceDirectory C:\Users\Blanca\Documents\GitHub\cookcinando\backend\Cookcinando\src\test\resources
2017-03-03 13:01:16,690 [Worker-43] INFO  o.e.m.c.i.embedder.EclipseLogger - Using 'UTF-8' encoding to copy filtered resources.
2017-03-03 13:01:16,690 [Worker-43] INFO  o.e.m.c.i.embedder.EclipseLogger - Copying 0 resource
2017-03-03 13:01:16,690 [Worker-43] INFO  o.e.m.c.i.embedder.EclipseLogger - Copying 1 resource
2017-03-03 13:01:16,706 [Worker-43] INFO  o.e.m.c.i.embedder.EclipseLogger - Using 'UTF-8' encoding to copy filtered resources.
2017-03-03 13:01:16,706 [Worker-43] INFO  o.e.m.c.i.embedder.EclipseLogger - skip non existing resourceDirectory C:\Users\Blanca\Documents\GitHub\cookcinando\backend\Cookcinando\src\test\resources
2017-03-03 13:02:36,402 [Worker-58] INFO  o.e.m.c.i.embedder.EclipseLogger - Using 'UTF-8' encoding to copy filtered resources.
2017-03-03 13:02:36,402 [Worker-58] INFO  o.e.m.c.i.embedder.EclipseLogger - Copying 0 resource
2017-03-03 13:02:36,402 [Worker-58] INFO  o.e.m.c.i.embedder.EclipseLogger - Copying 1 resource
2017-03-03 13:02:36,402 [Worker-58] INFO  o.e.m.c.i.embedder.EclipseLogger - Using 'UTF-8' encoding to copy filtered resources.
2017-03-03 13:02:36,402 [Worker-58] INFO  o.e.m.c.i.embedder.EclipseLogger - skip non existing resourceDirectory C:\Users\Blanca\Documents\GitHub\cookcinando\backend\Cookcinando\src\test\resources
2017-03-03 13:04:10,033 [Worker-57] INFO  o.e.m.c.i.embedder.EclipseLogger - Using 'UTF-8' encoding to copy filtered resources.
2017-03-03 13:04:10,127 [Worker-57] INFO  o.e.m.c.i.embedder.EclipseLogger - Copying 1 resource
2017-03-03 13:04:10,158 [Worker-57] INFO  o.e.m.c.i.embedder.EclipseLogger - Copying 146 resources
2017-03-03 13:04:10,189 [Worker-57] INFO  o.e.m.c.i.embedder.EclipseLogger - Using 'UTF-8' encoding to copy filtered resources.
2017-03-03 13:04:10,189 [Worker-57] INFO  o.e.m.c.i.embedder.EclipseLogger - skip non existing resourceDirectory C:\Users\Blanca\Documents\GitHub\cookcinando\backend\Cookcinando\src\test\resources
2017-03-03 13:04:30,957 [Worker-58] INFO  o.e.m.c.i.embedder.EclipseLogger - Using 'UTF-8' encoding to copy filtered resources.
2017-03-03 13:04:30,988 [Worker-58] INFO  o.e.m.c.i.embedder.EclipseLogger - Copying 1 resource
2017-03-03 13:04:31,003 [Worker-58] INFO  o.e.m.c.i.embedder.EclipseLogger - Copying 146 resources
2017-03-03 13:04:31,050 [Worker-58] INFO  o.e.m.c.i.embedder.EclipseLogger - Using 'UTF-8' encoding to copy filtered resources.
2017-03-03 13:04:31,050 [Worker-58] INFO  o.e.m.c.i.embedder.EclipseLogger - skip non existing resourceDirectory C:\Users\Blanca\Documents\GitHub\cookcinando\backend\Cookcinando\src\test\resources
2017-03-03 13:05:37,287 [Worker-46] INFO  o.e.m.c.i.embedder.EclipseLogger - Using 'UTF-8' encoding to copy filtered resources.
2017-03-03 13:05:37,287 [Worker-46] INFO  o.e.m.c.i.embedder.EclipseLogger - Copying 0 resource
2017-03-03 13:05:37,287 [Worker-46] INFO  o.e.m.c.i.embedder.EclipseLogger - Copying 1 resource
2017-03-03 13:05:37,302 [Worker-46] INFO  o.e.m.c.i.embedder.EclipseLogger - Using 'UTF-8' encoding to copy filtered resources.
2017-03-03 13:05:37,302 [Worker-46] INFO  o.e.m.c.i.embedder.EclipseLogger - skip non existing resourceDirectory C:\Users\Blanca\Documents\GitHub\cookcinando\backend\Cookcinando\src\test\resources
2017-03-03 13:10:35,682 [Worker-62] INFO  o.e.m.c.i.embedder.EclipseLogger - Using 'UTF-8' encoding to copy filtered resources.
2017-03-03 13:10:35,760 [Worker-62] INFO  o.e.m.c.i.embedder.EclipseLogger - Copying 1 resource
2017-03-03 13:10:35,776 [Worker-62] INFO  o.e.m.c.i.embedder.EclipseLogger - Copying 146 resources
2017-03-03 13:10:35,823 [Worker-62] INFO  o.e.m.c.i.embedder.EclipseLogger - Using 'UTF-8' encoding to copy filtered resources.
2017-03-03 13:10:35,823 [Worker-62] INFO  o.e.m.c.i.embedder.EclipseLogger - skip non existing resourceDirectory C:\Users\Blanca\Documents\GitHub\cookcinando\backend\Cookcinando\src\test\resources
2017-03-03 13:21:37,551 [Worker-72] INFO  o.e.m.c.i.embedder.EclipseLogger - Using 'UTF-8' encoding to copy filtered resources.
2017-03-03 13:21:37,582 [Worker-72] INFO  o.e.m.c.i.embedder.EclipseLogger - Copying 1 resource
2017-03-03 13:21:37,613 [Worker-72] INFO  o.e.m.c.i.embedder.EclipseLogger - Copying 146 resources
2017-03-03 13:21:37,660 [Worker-72] INFO  o.e.m.c.i.embedder.EclipseLogger - Using 'UTF-8' encoding to copy filtered resources.
2017-03-03 13:21:37,660 [Worker-72] INFO  o.e.m.c.i.embedder.EclipseLogger - skip non existing resourceDirectory C:\Users\Blanca\Documents\GitHub\cookcinando\backend\Cookcinando\src\test\resources
2017-03-03 13:23:05,828 [Worker-61] INFO  o.e.m.c.i.embedder.EclipseLogger - Using 'UTF-8' encoding to copy filtered resources.
2017-03-03 13:23:05,875 [Worker-61] INFO  o.e.m.c.i.embedder.EclipseLogger - Copying 1 resource
2017-03-03 13:23:05,906 [Worker-61] INFO  o.e.m.c.i.embedder.EclipseLogger - Copying 146 resources
2017-03-03 13:23:05,969 [Worker-61] INFO  o.e.m.c.i.embedder.EclipseLogger - Using 'UTF-8' encoding to copy filtered resources.
2017-03-03 13:23:05,969 [Worker-61] INFO  o.e.m.c.i.embedder.EclipseLogger - skip non existing resourceDirectory C:\Users\Blanca\Documents\GitHub\cookcinando\backend\Cookcinando\src\test\resources
2017-03-03 13:27:36,509 [Worker-68] INFO  o.e.m.c.i.embedder.EclipseLogger - Using 'UTF-8' encoding to copy filtered resources.
2017-03-03 13:27:36,540 [Worker-68] INFO  o.e.m.c.i.embedder.EclipseLogger - Copying 1 resource
2017-03-03 13:27:36,556 [Worker-68] INFO  o.e.m.c.i.embedder.EclipseLogger - Copying 146 resources
2017-03-03 13:27:36,602 [Worker-68] INFO  o.e.m.c.i.embedder.EclipseLogger - Using 'UTF-8' encoding to copy filtered resources.
2017-03-03 13:27:36,602 [Worker-68] INFO  o.e.m.c.i.embedder.EclipseLogger - skip non existing resourceDirectory C:\Users\Blanca\Documents\GitHub\cookcinando\backend\Cookcinando\src\test\resources
2017-03-03 13:27:52,173 [Worker-70] INFO  o.e.m.c.i.embedder.EclipseLogger - Using 'UTF-8' encoding to copy filtered resources.
2017-03-03 13:27:52,204 [Worker-70] INFO  o.e.m.c.i.embedder.EclipseLogger - Copying 1 resource
2017-03-03 13:27:52,220 [Worker-70] INFO  o.e.m.c.i.embedder.EclipseLogger - Copying 146 resources
2017-03-03 13:27:52,267 [Worker-70] INFO  o.e.m.c.i.embedder.EclipseLogger - Using 'UTF-8' encoding to copy filtered resources.
2017-03-03 13:27:52,267 [Worker-70] INFO  o.e.m.c.i.embedder.EclipseLogger - skip non existing resourceDirectory C:\Users\Blanca\Documents\GitHub\cookcinando\backend\Cookcinando\src\test\resources
2017-03-03 13:27:56,008 [Worker-61] INFO  o.e.m.c.i.embedder.EclipseLogger - Using 'UTF-8' encoding to copy filtered resources.
2017-03-03 13:27:56,055 [Worker-61] INFO  o.e.m.c.i.embedder.EclipseLogger - Copying 1 resource
2017-03-03 13:27:56,102 [Worker-61] INFO  o.e.m.c.i.embedder.EclipseLogger - Copying 146 resources
2017-03-03 13:27:56,149 [Worker-61] INFO  o.e.m.c.i.embedder.EclipseLogger - Using 'UTF-8' encoding to copy filtered resources.
2017-03-03 13:27:56,149 [Worker-61] INFO  o.e.m.c.i.embedder.EclipseLogger - skip non existing resourceDirectory C:\Users\Blanca\Documents\GitHub\cookcinando\backend\Cookcinando\src\test\resources
2017-03-03 13:28:02,202 [Worker-63] INFO  o.e.m.c.i.embedder.EclipseLogger - Using 'UTF-8' encoding to copy filtered resources.
2017-03-03 13:28:02,233 [Worker-63] INFO  o.e.m.c.i.embedder.EclipseLogger - Copying 1 resource
2017-03-03 13:28:02,264 [Worker-63] INFO  o.e.m.c.i.embedder.EclipseLogger - Copying 146 resources
2017-03-03 13:28:02,311 [Worker-63] INFO  o.e.m.c.i.embedder.EclipseLogger - Using 'UTF-8' encoding to copy filtered resources.
2017-03-03 13:28:02,311 [Worker-63] INFO  o.e.m.c.i.embedder.EclipseLogger - skip non existing resourceDirectory C:\Users\Blanca\Documents\GitHub\cookcinando\backend\Cookcinando\src\test\resources
2017-03-03 13:35:28,249 [Worker-71] INFO  o.e.m.c.i.embedder.EclipseLogger - Using 'UTF-8' encoding to copy filtered resources.
2017-03-03 13:35:28,406 [Worker-71] INFO  o.e.m.c.i.embedder.EclipseLogger - Copying 1 resource
2017-03-03 13:35:28,421 [Worker-71] INFO  o.e.m.c.i.embedder.EclipseLogger - Copying 146 resources
2017-03-03 13:35:28,452 [Worker-71] INFO  o.e.m.c.i.embedder.EclipseLogger - Using 'UTF-8' encoding to copy filtered resources.
2017-03-03 13:35:28,452 [Worker-71] INFO  o.e.m.c.i.embedder.EclipseLogger - skip non existing resourceDirectory C:\Users\Blanca\Documents\GitHub\cookcinando\backend\Cookcinando\src\test\resources
2017-03-03 13:35:33,956 [Worker-75] INFO  o.e.m.c.i.embedder.EclipseLogger - Using 'UTF-8' encoding to copy filtered resources.
2017-03-03 13:35:34,003 [Worker-75] INFO  o.e.m.c.i.embedder.EclipseLogger - Copying 1 resource
2017-03-03 13:35:34,050 [Worker-75] INFO  o.e.m.c.i.embedder.EclipseLogger - Copying 146 resources
2017-03-03 13:35:34,081 [Worker-75] INFO  o.e.m.c.i.embedder.EclipseLogger - Using 'UTF-8' encoding to copy filtered resources.
2017-03-03 13:35:34,081 [Worker-75] INFO  o.e.m.c.i.embedder.EclipseLogger - skip non existing resourceDirectory C:\Users\Blanca\Documents\GitHub\cookcinando\backend\Cookcinando\src\test\resources
2017-03-03 13:36:07,137 [Worker-79] INFO  o.e.m.c.i.embedder.EclipseLogger - Using 'UTF-8' encoding to copy filtered resources.
2017-03-03 13:36:07,168 [Worker-79] INFO  o.e.m.c.i.embedder.EclipseLogger - Copying 1 resource
2017-03-03 13:36:07,200 [Worker-79] INFO  o.e.m.c.i.embedder.EclipseLogger - Copying 146 resources
2017-03-03 13:36:07,231 [Worker-79] INFO  o.e.m.c.i.embedder.EclipseLogger - Using 'UTF-8' encoding to copy filtered resources.
2017-03-03 13:36:07,231 [Worker-79] INFO  o.e.m.c.i.embedder.EclipseLogger - skip non existing resourceDirectory C:\Users\Blanca\Documents\GitHub\cookcinando\backend\Cookcinando\src\test\resources
2017-03-03 13:36:41,767 [Worker-76] INFO  o.e.m.c.i.embedder.EclipseLogger - Using 'UTF-8' encoding to copy filtered resources.
2017-03-03 13:36:41,799 [Worker-76] INFO  o.e.m.c.i.embedder.EclipseLogger - Copying 1 resource
2017-03-03 13:36:41,830 [Worker-76] INFO  o.e.m.c.i.embedder.EclipseLogger - Copying 146 resources
2017-03-03 13:36:41,877 [Worker-76] INFO  o.e.m.c.i.embedder.EclipseLogger - Using 'UTF-8' encoding to copy filtered resources.
2017-03-03 13:36:41,877 [Worker-76] INFO  o.e.m.c.i.embedder.EclipseLogger - skip non existing resourceDirectory C:\Users\Blanca\Documents\GitHub\cookcinando\backend\Cookcinando\src\test\resources
2017-03-03 13:38:18,328 [Worker-76] INFO  o.e.m.c.i.embedder.EclipseLogger - Using 'UTF-8' encoding to copy filtered resources.
2017-03-03 13:38:18,375 [Worker-76] INFO  o.e.m.c.i.embedder.EclipseLogger - Copying 1 resource
2017-03-03 13:38:18,390 [Worker-76] INFO  o.e.m.c.i.embedder.EclipseLogger - Copying 146 resources
2017-03-03 13:38:18,422 [Worker-76] INFO  o.e.m.c.i.embedder.EclipseLogger - Using 'UTF-8' encoding to copy filtered resources.
2017-03-03 13:38:18,422 [Worker-76] INFO  o.e.m.c.i.embedder.EclipseLogger - skip non existing resourceDirectory C:\Users\Blanca\Documents\GitHub\cookcinando\backend\Cookcinando\src\test\resources
2017-03-03 13:38:51,754 [Worker-71] INFO  o.e.m.c.i.embedder.EclipseLogger - Using 'UTF-8' encoding to copy filtered resources.
2017-03-03 13:38:51,785 [Worker-71] INFO  o.e.m.c.i.embedder.EclipseLogger - Copying 1 resource
2017-03-03 13:38:51,801 [Worker-71] INFO  o.e.m.c.i.embedder.EclipseLogger - Copying 146 resources
2017-03-03 13:38:51,847 [Worker-71] INFO  o.e.m.c.i.embedder.EclipseLogger - Using 'UTF-8' encoding to copy filtered resources.
2017-03-03 13:38:51,847 [Worker-71] INFO  o.e.m.c.i.embedder.EclipseLogger - skip non existing resourceDirectory C:\Users\Blanca\Documents\GitHub\cookcinando\backend\Cookcinando\src\test\resources
2017-03-03 13:45:30,292 [Worker-79] INFO  o.e.m.c.i.embedder.EclipseLogger - Using 'UTF-8' encoding to copy filtered resources.
2017-03-03 13:45:30,323 [Worker-79] INFO  o.e.m.c.i.embedder.EclipseLogger - Copying 1 resource
2017-03-03 13:45:30,355 [Worker-79] INFO  o.e.m.c.i.embedder.EclipseLogger - Copying 146 resources
2017-03-03 13:45:30,402 [Worker-79] INFO  o.e.m.c.i.embedder.EclipseLogger - Using 'UTF-8' encoding to copy filtered resources.
2017-03-03 13:45:30,402 [Worker-79] INFO  o.e.m.c.i.embedder.EclipseLogger - skip non existing resourceDirectory C:\Users\Blanca\Documents\GitHub\cookcinando\backend\Cookcinando\src\test\resources
2017-03-03 13:47:29,341 [Worker-75] INFO  o.e.m.c.i.embedder.EclipseLogger - Using 'UTF-8' encoding to copy filtered resources.
2017-03-03 13:47:29,388 [Worker-75] INFO  o.e.m.c.i.embedder.EclipseLogger - Copying 1 resource
2017-03-03 13:47:29,403 [Worker-75] INFO  o.e.m.c.i.embedder.EclipseLogger - Copying 146 resources
2017-03-03 13:47:29,450 [Worker-75] INFO  o.e.m.c.i.embedder.EclipseLogger - Using 'UTF-8' encoding to copy filtered resources.
2017-03-03 13:47:29,450 [Worker-75] INFO  o.e.m.c.i.embedder.EclipseLogger - skip non existing resourceDirectory C:\Users\Blanca\Documents\GitHub\cookcinando\backend\Cookcinando\src\test\resources
2017-03-03 13:50:56,244 [Worker-75] INFO  o.e.m.c.i.embedder.EclipseLogger - Using 'UTF-8' encoding to copy filtered resources.
2017-03-03 13:50:56,448 [Worker-75] INFO  o.e.m.c.i.embedder.EclipseLogger - Copying 1 resource
2017-03-03 13:50:56,494 [Worker-75] INFO  o.e.m.c.i.embedder.EclipseLogger - Copying 146 resources
2017-03-03 13:50:56,541 [Worker-75] INFO  o.e.m.c.i.embedder.EclipseLogger - Using 'UTF-8' encoding to copy filtered resources.
2017-03-03 13:50:56,541 [Worker-75] INFO  o.e.m.c.i.embedder.EclipseLogger - skip non existing resourceDirectory C:\Users\Blanca\Documents\GitHub\cookcinando\backend\Cookcinando\src\test\resources
2017-03-03 13:51:39,708 [Worker-82] INFO  o.e.m.c.i.embedder.EclipseLogger - Using 'UTF-8' encoding to copy filtered resources.
2017-03-03 13:51:39,802 [Worker-82] INFO  o.e.m.c.i.embedder.EclipseLogger - Copying 1 resource
2017-03-03 13:51:39,833 [Worker-82] INFO  o.e.m.c.i.embedder.EclipseLogger - Copying 146 resources
2017-03-03 13:51:39,880 [Worker-82] INFO  o.e.m.c.i.embedder.EclipseLogger - Using 'UTF-8' encoding to copy filtered resources.
2017-03-03 13:51:39,880 [Worker-82] INFO  o.e.m.c.i.embedder.EclipseLogger - skip non existing resourceDirectory C:\Users\Blanca\Documents\GitHub\cookcinando\backend\Cookcinando\src\test\resources
2017-03-03 13:52:39,056 [Worker-79] INFO  o.e.m.c.i.embedder.EclipseLogger - Using 'UTF-8' encoding to copy filtered resources.
2017-03-03 13:52:39,102 [Worker-79] INFO  o.e.m.c.i.embedder.EclipseLogger - Copying 1 resource
2017-03-03 13:52:39,118 [Worker-79] INFO  o.e.m.c.i.embedder.EclipseLogger - Copying 146 resources
2017-03-03 13:52:39,165 [Worker-79] INFO  o.e.m.c.i.embedder.EclipseLogger - Using 'UTF-8' encoding to copy filtered resources.
2017-03-03 13:52:39,165 [Worker-79] INFO  o.e.m.c.i.embedder.EclipseLogger - skip non existing resourceDirectory C:\Users\Blanca\Documents\GitHub\cookcinando\backend\Cookcinando\src\test\resources
